[log] 2026-04-20 12:20:09  →  experiments/exp010_bertimbau_es/train.log

=======================================================
Experiment : exp010_bertimbau_es
Config     : configs/exp010_bertimbau_es.yaml
Started    : 2026-04-20 12:20:09
Git commit : 9fb24ba
Pretrained : neuralmind/bert-base-portuguese-cased
Notes      : BERTimbau base + early stopping — re-run of best model (exp004) with epochs=10, patience=2, max_length=256; tests whether more epochs + ES beats 5-epoch fixed run
=======================================================
GPUs : [0] NVIDIA RTX 6000 Ada Generation + [1] NVIDIA RTX 6000 Ada Generation
wandb run : https://wandb.ai/biniamgaromsa/spr-2026-mammography/runs/z1amga1k
Loading data... done  (18,272 rows, 5 folds)
Tokenizing with 'neuralmind/bert-base-portuguese-cased'... done
  early stop fold 3 at epoch 8 (no improvement for 2 epochs)
  early stop fold 4 at epoch 9 (no improvement for 2 epochs)
  early stop fold 5 at epoch 7 (no improvement for 2 epochs)

=======================================================
OOF Results — exp010_bertimbau_es
=======================================================
Macro F1: 0.7577

Class        F1   Prec    Rec      N
--------------------------------------
0         0.801  0.779  0.825    610
1         0.929  0.883  0.980    693
2         0.978  0.991  0.965  15968
3         0.613  0.522  0.743    713
4         0.679  0.686  0.673    214
5         0.567  0.500  0.655     29
6         0.737  0.700  0.778     45

Fold F1s : [0.7584, 0.8, 0.7462, 0.732, 0.7514]
Mean ± σ : 0.7576 ± 0.0229

--- Threshold Tuning ---
Threshold tuning baseline macro F1: 0.7577
Threshold tuning best macro F1:     0.7654
Offsets: {0: np.float64(0.2197), 1: np.float64(0.0607), 2: np.float64(0.1248), 3: np.float64(-0.2876), 4: np.float64(0.2819), 5: np.float64(0.1995), 6: np.float64(-0.1726)}

=======================================================
OOF Results (after threshold tuning)
=======================================================
Macro F1: 0.7654

Class        F1   Prec    Rec      N
--------------------------------------
0         0.805  0.763  0.851    610
1         0.931  0.886  0.980    693
2         0.979  0.989  0.970  15968
3         0.619  0.573  0.675    713
4         0.679  0.650  0.710    214
5         0.567  0.500  0.655     29
6         0.778  0.778  0.778     45


--- Retraining on full data ---
Model saved → experiments/exp010_bertimbau_es/model/

Duration   : 2194s  (36.6m)
Results logged → experiments/results.csv
Outputs    : experiments/exp010_bertimbau_es/
