wandb: [wandb.login()] Loaded credentials for https://api.wandb.ai from /home/biniam/.netrc.
wandb: Currently logged in as: biniamgaromsa to https://api.wandb.ai. Use `wandb login --relogin` to force relogin
wandb: WARNING Using a boolean value for 'reinit' is deprecated. Use 'return_previous' or 'finish_previous' instead.
wandb: setting up run o96sovtz
wandb: Tracking run with wandb version 0.26.0
wandb: Run data is saved locally in /home/biniam/Documents/Projects/spr-2026-mammography/wandb/run-20260420_103652-o96sovtz
wandb: Run `wandb offline` to turn off syncing.
wandb: Syncing run exp008_mdeberta
wandb: ⭐️ View project at https://wandb.ai/biniamgaromsa/spr-2026-mammography
wandb: 🚀 View run at https://wandb.ai/biniamgaromsa/spr-2026-mammography/runs/o96sovtz
[log] 2026-04-20 10:36:51  →  experiments/exp008_mdeberta/train.log

=======================================================
Experiment : exp008_mdeberta
Config     : configs/exp008_mdeberta.yaml
Started    : 2026-04-20 10:36:51
Git commit : 9fb24ba
Pretrained : microsoft/mdeberta-v3-base
Notes      : mDeBERTa-v3-base (microsoft/mdeberta-v3-base, 278M) — multilingual DeBERTa, disentangled attention + ELECTRA-style pretraining, CC-100 incl. PT-BR
=======================================================
GPUs : [1] NVIDIA RTX 6000 Ada Generation
wandb run : https://wandb.ai/biniamgaromsa/spr-2026-mammography/runs/o96sovtz
Loading data... done  (18,272 rows, 5 folds)
Tokenizing with 'microsoft/mdeberta-v3-base'... Warning: You are sending unauthenticated requests to the HF Hub. Please set a HF_TOKEN to enable higher rate limits and faster downloads.
Loading weights:   0%|          | 0/198 [00:00<?, ?it/s]Loading weights: 100%|██████████| 198/198 [00:00<00:00, 50980.49it/s]
[1mDebertaV2ForSequenceClassification LOAD REPORT[0m from: microsoft/mdeberta-v3-base
Key                                        | Status     | 
-------------------------------------------+------------+-
mask_predictions.LayerNorm.weight          | UNEXPECTED | 
mask_predictions.LayerNorm.bias            | UNEXPECTED | 
mask_predictions.dense.bias                | UNEXPECTED | 
deberta.embeddings.word_embeddings._weight | UNEXPECTED | 
mask_predictions.classifier.weight         | UNEXPECTED | 
mask_predictions.dense.weight              | UNEXPECTED | 
lm_predictions.lm_head.LayerNorm.weight    | UNEXPECTED | 
lm_predictions.lm_head.LayerNorm.bias      | UNEXPECTED | 
mask_predictions.classifier.bias           | UNEXPECTED | 
lm_predictions.lm_head.dense.weight        | UNEXPECTED | 
lm_predictions.lm_head.bias                | UNEXPECTED | 
lm_predictions.lm_head.dense.bias          | UNEXPECTED | 
classifier.bias                            | MISSING    | 
pooler.dense.bias                          | MISSING    | 
pooler.dense.weight                        | MISSING    | 
classifier.weight                          | MISSING    | 

Notes:
- UNEXPECTED:	can be ignored when loading from different task/architecture; not ok if you expect identical arch.
- MISSING:	those params were newly initialized because missing from the checkpoint. Consider training on your downstream task.
done
CV folds:   0%|                                 | 0/5 [00:00<?, ?fold/s]
Loading weights:   0%|          | 0/198 [00:00<?, ?it/s][ALoading weights: 100%|██████████| 198/198 [00:00<00:00, 50734.45it/s]
[1mDebertaV2ForSequenceClassification LOAD REPORT[0m from: microsoft/mdeberta-v3-base
Key                                        | Status     | 
-------------------------------------------+------------+-
mask_predictions.LayerNorm.weight          | UNEXPECTED | 
mask_predictions.LayerNorm.bias            | UNEXPECTED | 
mask_predictions.dense.bias                | UNEXPECTED | 
deberta.embeddings.word_embeddings._weight | UNEXPECTED | 
mask_predictions.classifier.weight         | UNEXPECTED | 
mask_predictions.dense.weight              | UNEXPECTED | 
lm_predictions.lm_head.LayerNorm.weight    | UNEXPECTED | 
lm_predictions.lm_head.LayerNorm.bias      | UNEXPECTED | 
mask_predictions.classifier.bias           | UNEXPECTED | 
lm_predictions.lm_head.dense.weight        | UNEXPECTED | 
lm_predictions.lm_head.bias                | UNEXPECTED | 
lm_predictions.lm_head.dense.bias          | UNEXPECTED | 
classifier.bias                            | MISSING    | 
pooler.dense.bias                          | MISSING    | 
pooler.dense.weight                        | MISSING    | 
classifier.weight                          | MISSING    | 

Notes:
- UNEXPECTED:	can be ignored when loading from different task/architecture; not ok if you expect identical arch.
- MISSING:	those params were newly initialized because missing from the checkpoint. Consider training on your downstream task.
CV folds:   0%| | 0/5 [00:53<?, ?fold/s, fold=1/5, ep=1/5, loss=nan, F1=CV folds:   0%| | 0/5 [01:39<?, ?fold/s, fold=1/5, ep=1/5, loss=nan, F1=
Traceback (most recent call last):
  File "/home/biniam/Documents/Projects/spr-2026-mammography/run.py", line 149, in <module>
    main()
  File "/home/biniam/Documents/Projects/spr-2026-mammography/run.py", line 136, in main
    cmd_train(config_path, notes=args.notes)
  File "/home/biniam/Documents/Projects/spr-2026-mammography/run.py", line 46, in cmd_train
    run_training_transformer(config_path, notes_override=notes)
  File "/home/biniam/Documents/Projects/spr-2026-mammography/src/train_transformer.py", line 322, in run_training_transformer
    _run(config, exp_name, out_dir, config_path, notes)
  File "/home/biniam/Documents/Projects/spr-2026-mammography/src/train_transformer.py", line 440, in _run
    train_loss = _train_epoch(
  File "/home/biniam/Documents/Projects/spr-2026-mammography/src/train_transformer.py", line 267, in _train_epoch
    total_loss += loss.item() * grad_accum
KeyboardInterrupt
Traceback (most recent call last):
  File "/home/biniam/Documents/Projects/spr-2026-mammography/run.py", line 149, in <module>
    main()
  File "/home/biniam/Documents/Projects/spr-2026-mammography/run.py", line 136, in main
    cmd_train(config_path, notes=args.notes)
  File "/home/biniam/Documents/Projects/spr-2026-mammography/run.py", line 46, in cmd_train
    run_training_transformer(config_path, notes_override=notes)
  File "/home/biniam/Documents/Projects/spr-2026-mammography/src/train_transformer.py", line 322, in run_training_transformer
    _run(config, exp_name, out_dir, config_path, notes)
  File "/home/biniam/Documents/Projects/spr-2026-mammography/src/train_transformer.py", line 440, in _run
    train_loss = _train_epoch(
  File "/home/biniam/Documents/Projects/spr-2026-mammography/src/train_transformer.py", line 267, in _train_epoch
    total_loss += loss.item() * grad_accum
KeyboardInterrupt
[1;34mwandb[0m: 
[1;34mwandb[0m: 🚀 View run [33mexp008_mdeberta[0m at: [34mhttps://wandb.ai/biniamgaromsa/spr-2026-mammography/runs/o96sovtz[0m
[1;34mwandb[0m: Find logs at: [1;35mwandb/run-20260420_103652-o96sovtz/logs[0m
done

=======================================================
OOF Results — exp008_mdeberta
=======================================================
Macro F1: 0.0092

Class        F1   Prec    Rec      N
--------------------------------------
0         0.065  0.033  1.000    610
1         0.000  0.000  0.000    693
2         0.000  0.000  0.000  15968
3         0.000  0.000  0.000    713
4         0.000  0.000  0.000    214
5         0.000  0.000  0.000     29
6         0.000  0.000  0.000     45

Fold F1s : [0.0092, 0.0092, 0.0092, 0.0092, 0.0092]
Mean ± σ : 0.0092 ± 0.0000

--- Threshold Tuning ---
Threshold tuning baseline macro F1: 0.0092
Threshold tuning best macro F1:     0.0092
Offsets: {0: np.float64(0.0), 1: np.float64(0.0), 2: np.float64(0.0), 3: np.float64(0.0), 4: np.float64(0.0), 5: np.float64(0.0), 6: np.float64(0.0)}

=======================================================
OOF Results (after threshold tuning)
=======================================================
Macro F1: 0.0092

Class        F1   Prec    Rec      N
--------------------------------------
0         0.065  0.033  1.000    610
1         0.000  0.000  0.000    693
2         0.000  0.000  0.000  15968
3         0.000  0.000  0.000    713
4         0.000  0.000  0.000    214
5         0.000  0.000  0.000     29
6         0.000  0.000  0.000     45


--- Retraining on full data ---
Model saved → experiments/exp008_mdeberta/model/

Duration   : 1638s  (27.3m)
Results logged → experiments/results.csv
Outputs    : experiments/exp008_mdeberta/
[log] 2026-04-20 12:02:05  →  experiments/exp008_mdeberta/train.log

=======================================================
Experiment : exp008_mdeberta
Config     : configs/exp008_mdeberta.yaml
Started    : 2026-04-20 12:02:05
Git commit : 9fb24ba
Pretrained : microsoft/mdeberta-v3-base
Notes      : mDeBERTa-v3-base (microsoft/mdeberta-v3-base, 278M) — multilingual DeBERTa, disentangled attention + ELECTRA-style pretraining, CC-100 incl. PT-BR
=======================================================
GPUs : [1] NVIDIA RTX 6000 Ada Generation
wandb run : https://wandb.ai/biniamgaromsa/spr-2026-mammography/runs/8dflc0qb
Loading data... done  (18,272 rows, 5 folds)
Tokenizing with 'microsoft/mdeberta-v3-base'... done
[log] 2026-04-20 12:09:34  →  experiments/exp008_mdeberta/train.log

=======================================================
Experiment : exp008_mdeberta
Config     : configs/exp008_mdeberta.yaml
Started    : 2026-04-20 12:09:34
Git commit : 9fb24ba
Pretrained : microsoft/mdeberta-v3-base
Notes      : mDeBERTa-v3-base (microsoft/mdeberta-v3-base, 278M) — multilingual DeBERTa, disentangled attention + ELECTRA-style pretraining, CC-100 incl. PT-BR
=======================================================
GPUs : [1] NVIDIA RTX 6000 Ada Generation
wandb run : https://wandb.ai/biniamgaromsa/spr-2026-mammography/runs/4w81if3c
Loading data... done  (18,272 rows, 5 folds)
Tokenizing with 'microsoft/mdeberta-v3-base'... done
  early stop fold 1 at epoch 3 (no improvement for 2 epochs)
  early stop fold 2 at epoch 3 (no improvement for 2 epochs)
  early stop fold 3 at epoch 3 (no improvement for 2 epochs)
  early stop fold 4 at epoch 3 (no improvement for 2 epochs)
  early stop fold 5 at epoch 3 (no improvement for 2 epochs)

=======================================================
OOF Results — exp008_mdeberta
=======================================================
Macro F1: 0.0092

Class        F1   Prec    Rec      N
--------------------------------------
0         0.065  0.033  1.000    610
1         0.000  0.000  0.000    693
2         0.000  0.000  0.000  15968
3         0.000  0.000  0.000    713
4         0.000  0.000  0.000    214
5         0.000  0.000  0.000     29
6         0.000  0.000  0.000     45

Fold F1s : [0.0092, 0.0092, 0.0092, 0.0092, 0.0092]
Mean ± σ : 0.0092 ± 0.0000

--- Threshold Tuning ---
Threshold tuning baseline macro F1: 0.0092
Threshold tuning best macro F1:     0.0092
Offsets: {0: np.float64(0.0), 1: np.float64(0.0), 2: np.float64(0.0), 3: np.float64(0.0), 4: np.float64(0.0), 5: np.float64(0.0), 6: np.float64(0.0)}

=======================================================
OOF Results (after threshold tuning)
=======================================================
Macro F1: 0.0092

Class        F1   Prec    Rec      N
--------------------------------------
0         0.065  0.033  1.000    610
1         0.000  0.000  0.000    693
2         0.000  0.000  0.000  15968
3         0.000  0.000  0.000    713
4         0.000  0.000  0.000    214
5         0.000  0.000  0.000     29
6         0.000  0.000  0.000     45


--- Retraining on full data ---
Model saved → experiments/exp008_mdeberta/model/

Duration   : 2153s  (35.9m)
Results logged → experiments/results.csv
Outputs    : experiments/exp008_mdeberta/
