wandb: [wandb.login()] Loaded credentials for https://api.wandb.ai from /home/biniam/.netrc.
wandb: Currently logged in as: biniamgaromsa to https://api.wandb.ai. Use `wandb login --relogin` to force relogin
wandb: WARNING Using a boolean value for 'reinit' is deprecated. Use 'return_previous' or 'finish_previous' instead.
wandb: Tracking run with wandb version 0.26.0
wandb: Run data is saved locally in /home/biniam/Documents/Projects/spr-2026-mammography/wandb/run-20260420_120206-8dflc0qb
wandb: Run `wandb offline` to turn off syncing.
wandb: Syncing run exp008_mdeberta
wandb: ⭐️ View project at https://wandb.ai/biniamgaromsa/spr-2026-mammography
wandb: 🚀 View run at https://wandb.ai/biniamgaromsa/spr-2026-mammography/runs/8dflc0qb
[log] 2026-04-20 12:02:05  →  experiments/exp008_mdeberta/train.log

=======================================================
Experiment : exp008_mdeberta
Config     : configs/exp008_mdeberta.yaml
Started    : 2026-04-20 12:02:05
Git commit : 9fb24ba
Pretrained : microsoft/mdeberta-v3-base
Notes      : mDeBERTa-v3-base (microsoft/mdeberta-v3-base, 278M) — multilingual DeBERTa, disentangled attention + ELECTRA-style pretraining, CC-100 incl. PT-BR
=======================================================
GPUs : [1] NVIDIA RTX 6000 Ada Generation
wandb run : https://wandb.ai/biniamgaromsa/spr-2026-mammography/runs/8dflc0qb
Loading data... done  (18,272 rows, 5 folds)
Tokenizing with 'microsoft/mdeberta-v3-base'... Warning: You are sending unauthenticated requests to the HF Hub. Please set a HF_TOKEN to enable higher rate limits and faster downloads.
Loading weights:   0%|          | 0/198 [00:00<?, ?it/s]Loading weights: 100%|██████████| 198/198 [00:00<00:00, 52919.91it/s]
[1mDebertaV2ForSequenceClassification LOAD REPORT[0m from: microsoft/mdeberta-v3-base
Key                                        | Status     | 
-------------------------------------------+------------+-
mask_predictions.LayerNorm.bias            | UNEXPECTED | 
mask_predictions.dense.bias                | UNEXPECTED | 
mask_predictions.LayerNorm.weight          | UNEXPECTED | 
mask_predictions.classifier.bias           | UNEXPECTED | 
lm_predictions.lm_head.bias                | UNEXPECTED | 
mask_predictions.classifier.weight         | UNEXPECTED | 
lm_predictions.lm_head.LayerNorm.weight    | UNEXPECTED | 
lm_predictions.lm_head.dense.weight        | UNEXPECTED | 
lm_predictions.lm_head.LayerNorm.bias      | UNEXPECTED | 
lm_predictions.lm_head.dense.bias          | UNEXPECTED | 
deberta.embeddings.word_embeddings._weight | UNEXPECTED | 
mask_predictions.dense.weight              | UNEXPECTED | 
classifier.weight                          | MISSING    | 
pooler.dense.weight                        | MISSING    | 
pooler.dense.bias                          | MISSING    | 
classifier.bias                            | MISSING    | 

Notes:
- UNEXPECTED:	can be ignored when loading from different task/architecture; not ok if you expect identical arch.
- MISSING:	those params were newly initialized because missing from the checkpoint. Consider training on your downstream task.
done
CV folds:   0%|                                 | 0/5 [00:00<?, ?fold/s]
Loading weights:   0%|          | 0/198 [00:00<?, ?it/s][ALoading weights: 100%|██████████| 198/198 [00:00<00:00, 39869.04it/s]
[1mDebertaV2ForSequenceClassification LOAD REPORT[0m from: microsoft/mdeberta-v3-base
Key                                        | Status     | 
-------------------------------------------+------------+-
mask_predictions.LayerNorm.bias            | UNEXPECTED | 
mask_predictions.dense.bias                | UNEXPECTED | 
mask_predictions.LayerNorm.weight          | UNEXPECTED | 
mask_predictions.classifier.bias           | UNEXPECTED | 
lm_predictions.lm_head.bias                | UNEXPECTED | 
mask_predictions.classifier.weight         | UNEXPECTED | 
lm_predictions.lm_head.LayerNorm.weight    | UNEXPECTED | 
lm_predictions.lm_head.dense.weight        | UNEXPECTED | 
lm_predictions.lm_head.LayerNorm.bias      | UNEXPECTED | 
lm_predictions.lm_head.dense.bias          | UNEXPECTED | 
deberta.embeddings.word_embeddings._weight | UNEXPECTED | 
mask_predictions.dense.weight              | UNEXPECTED | 
classifier.weight                          | MISSING    | 
pooler.dense.weight                        | MISSING    | 
pooler.dense.bias                          | MISSING    | 
classifier.bias                            | MISSING    | 

Notes:
- UNEXPECTED:	can be ignored when loading from different task/architecture; not ok if you expect identical arch.
- MISSING:	those params were newly initialized because missing from the checkpoint. Consider training on your downstream task.
CV folds:   0%| | 0/5 [00:53<?, ?fold/s, fold=1/5, ep=1/5, loss=nan, F1=CV folds:   0%| | 0/5 [01:46<?, ?fold/s, fold=1/5, ep=2/5, loss=nan, F1=CV folds:   0%| | 0/5 [02:38<?, ?fold/s, fold=1/5, ep=3/5, loss=nan, F1=CV folds:   0%| | 0/5 [03:31<?, ?fold/s, fold=1/5, ep=4/5, loss=nan, F1=CV folds:   0%| | 0/5 [03:39<?, ?fold/s, fold=1/5, ep=4/5, loss=nan, F1=
Traceback (most recent call last):
  File "/home/biniam/Documents/Projects/spr-2026-mammography/run.py", line 149, in <module>
    main()
  File "/home/biniam/Documents/Projects/spr-2026-mammography/run.py", line 136, in main
    cmd_train(config_path, notes=args.notes)
  File "/home/biniam/Documents/Projects/spr-2026-mammography/run.py", line 46, in cmd_train
    run_training_transformer(config_path, notes_override=notes)
  File "/home/biniam/Documents/Projects/spr-2026-mammography/src/train_transformer.py", line 322, in run_training_transformer
    _run(config, exp_name, out_dir, config_path, notes)
  File "/home/biniam/Documents/Projects/spr-2026-mammography/src/train_transformer.py", line 440, in _run
    train_loss = _train_epoch(
  File "/home/biniam/Documents/Projects/spr-2026-mammography/src/train_transformer.py", line 267, in _train_epoch
    total_loss += loss.item() * grad_accum
KeyboardInterrupt
Traceback (most recent call last):
  File "/home/biniam/Documents/Projects/spr-2026-mammography/run.py", line 149, in <module>
    main()
  File "/home/biniam/Documents/Projects/spr-2026-mammography/run.py", line 136, in main
    cmd_train(config_path, notes=args.notes)
  File "/home/biniam/Documents/Projects/spr-2026-mammography/run.py", line 46, in cmd_train
    run_training_transformer(config_path, notes_override=notes)
  File "/home/biniam/Documents/Projects/spr-2026-mammography/src/train_transformer.py", line 322, in run_training_transformer
    _run(config, exp_name, out_dir, config_path, notes)
  File "/home/biniam/Documents/Projects/spr-2026-mammography/src/train_transformer.py", line 440, in _run
    train_loss = _train_epoch(
  File "/home/biniam/Documents/Projects/spr-2026-mammography/src/train_transformer.py", line 267, in _train_epoch
    total_loss += loss.item() * grad_accum
KeyboardInterrupt
[1;34mwandb[0m: 
[1;34mwandb[0m: 🚀 View run [33mexp008_mdeberta[0m at: [34mhttps://wandb.ai/biniamgaromsa/spr-2026-mammography/runs/8dflc0qb[0m
[1;34mwandb[0m: Find logs at: [1;35mwandb/run-20260420_120206-8dflc0qb/logs[0m
