[log] 2026-04-17 09:47:57  →  experiments/exp003_tfidf_lgbm/train.log

=======================================================
Experiment : exp003_tfidf_lgbm
Config     : configs/exp003_tfidf_lgbm.yaml
Started    : 2026-04-17 09:47:57
Git commit : adc84f4
Notes      : LightGBM on TF-IDF features — non-linear baseline; feature_fraction=0.3 for high-dim sparse input
=======================================================
Loading data... done  (18,272 rows, 5 folds)

=======================================================
OOF Results — exp003_tfidf_lgbm
=======================================================
Macro F1: 0.2724

Class        F1   Prec    Rec      N
--------------------------------------
0         0.238  0.202  0.290    610
1         0.507  0.387  0.736    693
2         0.816  0.978  0.700  15968
3         0.201  0.187  0.217    713
4         0.101  0.057  0.467    214
5         0.017  0.009  0.483     29
6         0.026  0.014  0.156     45

Fold F1s : [0.208, 0.199, 0.7025, 0.2188, 0.2376]
Mean ± σ : 0.3132 ± 0.1951

--- Retraining on full data ---

Duration   : 753s  (12.5m)
Results logged → experiments/results.csv
Outputs    : experiments/exp003_tfidf_lgbm/
