[log] 2026-04-20 05:57:42  →  experiments/exp007_bertimbau_large/train.log

=======================================================
Experiment : exp007_bertimbau_large
Config     : configs/exp007_bertimbau_large.yaml
Started    : 2026-04-20 05:57:42
Git commit : 9fb24ba
Pretrained : neuralmind/bert-large-portuguese-cased
Notes      : BERTimbau large (neuralmind/bert-large-portuguese-cased, ~340M) — PT-BR native, 24 layers; direct scale-up from exp004 base
=======================================================
GPUs : [0] NVIDIA RTX 6000 Ada Generation + [1] NVIDIA RTX 6000 Ada Generation
wandb run : https://wandb.ai/biniamgaromsa/spr-2026-mammography/runs/gadx6nzi
Loading data... done  (18,272 rows, 5 folds)
Tokenizing with 'neuralmind/bert-large-portuguese-cased'... done

=======================================================
OOF Results — exp007_bertimbau_large
=======================================================
Macro F1: 0.7014

Class        F1   Prec    Rec      N
--------------------------------------
0         0.809  0.757  0.869    610
1         0.931  0.882  0.986    693
2         0.977  0.991  0.963  15968
3         0.582  0.499  0.698    713
4         0.621  0.611  0.631    214
5         0.353  0.409  0.310     29
6         0.637  0.630  0.644     45

Fold F1s : [0.7138, 0.6912, 0.7322, 0.6616, 0.6749]
Mean ± σ : 0.6947 ± 0.0256

--- Threshold Tuning ---
Threshold tuning baseline macro F1: 0.7014
Threshold tuning best macro F1:     0.7136
Offsets: {0: np.float64(0.1142), 1: np.float64(-0.2764), 2: np.float64(0.1796), 3: np.float64(0.0767), 4: np.float64(-0.2509), 5: np.float64(0.2241), 6: np.float64(0.2525)}

=======================================================
OOF Results (after threshold tuning)
=======================================================
Macro F1: 0.7136

Class        F1   Prec    Rec      N
--------------------------------------
0         0.809  0.757  0.869    610
1         0.935  0.898  0.975    693
2         0.977  0.990  0.965  15968
3         0.580  0.500  0.690    713
4         0.632  0.670  0.598    214
5         0.448  0.448  0.448     29
6         0.614  0.554  0.689     45


--- Retraining on full data ---
Model saved → experiments/exp007_bertimbau_large/model/

Duration   : 5491s  (91.5m)
Results logged → experiments/results.csv
Outputs    : experiments/exp007_bertimbau_large/
