[log] 2026-04-20 23:17:02  →  experiments/exp015a_bertimbau_seed7/train.log

=======================================================
Experiment : exp015a_bertimbau_seed7
Config     : configs/exp015a_bertimbau_seed7.yaml
Started    : 2026-04-20 23:17:02
Git commit : a5c94a8
Pretrained : neuralmind/bert-base-portuguese-cased
Notes      : Multi-seed run 1/3 — identical to exp010 (best config) but seed=7; averaged with seed13/seed21 to form exp015 multi-seed ensemble
=======================================================
GPUs : [0] NVIDIA RTX 6000 Ada Generation + [1] NVIDIA RTX 6000 Ada Generation
wandb run : https://wandb.ai/biniamgaromsa/spr-2026-mammography/runs/zhoi3gea
Loading data... done  (18,272 rows → 9,131 unique texts for training, 5 folds)
Tokenizing with 'neuralmind/bert-base-portuguese-cased'... done
  early stop fold 1 at epoch 9 (no improvement for 2 epochs)
  early stop fold 2 at epoch 8 (no improvement for 2 epochs)
  early stop fold 4 at epoch 9 (no improvement for 2 epochs)
  early stop fold 5 at epoch 10 (no improvement for 2 epochs)

=======================================================
OOF Results — exp015a_bertimbau_seed7
=======================================================
Macro F1: 0.7287

Class        F1   Prec    Rec      N
--------------------------------------
0         0.784  0.710  0.875    610
1         0.916  0.856  0.986    693
2         0.974  0.992  0.957  15968
3         0.565  0.481  0.684    713
4         0.649  0.668  0.631    214
5         0.500  0.457  0.552     29
6         0.713  0.643  0.800     45

Fold F1s : [0.714, 0.73, 0.7233, 0.732, 0.7307]
Mean ± σ : 0.7260 ± 0.0067

--- Threshold Tuning ---
Threshold tuning baseline macro F1: 0.7287
Threshold tuning best macro F1:     0.7417
Offsets: {0: np.float64(0.022), 1: np.float64(0.0996), 2: np.float64(0.2853), 3: np.float64(0.0201), 4: np.float64(0.0279), 5: np.float64(0.0684), 6: np.float64(0.0285)}

=======================================================
OOF Results (after threshold tuning)
=======================================================
Macro F1: 0.7417

Class        F1   Prec    Rec      N
--------------------------------------
0         0.786  0.717  0.870    610
1         0.922  0.866  0.986    693
2         0.976  0.988  0.964  15968
3         0.576  0.522  0.642    713
4         0.659  0.683  0.636    214
5         0.531  0.486  0.586     29
6         0.742  0.692  0.800     45


--- Retraining on full data (8 epochs, mean of OOF best epochs [7, 6, 10, 7, 8]) ---
Model saved → experiments/exp015a_bertimbau_seed7/model/

Duration   : 795s  (13.2m)
Results logged → experiments/results.csv
Outputs    : experiments/exp015a_bertimbau_seed7/
