[log] 2026-04-20 18:35:47  →  experiments/exp020_bertimbau_dapt/train.log

=======================================================
Experiment : exp020_bertimbau_dapt
Config     : configs/exp020_bertimbau_dapt.yaml
Started    : 2026-04-20 18:35:47
Git commit : 9fb24ba
Pretrained : models/bertimbau_dapt
Notes      : DAPT → fine-tune: BERTimbau continued MLM on mammography reports (scripts/dapt_pretrain.py), then task fine-tune. Tests whether closing the web-crawl→radiology domain gap improves representation.
=======================================================
GPUs : [0] NVIDIA RTX 6000 Ada Generation + [1] NVIDIA RTX 6000 Ada Generation
wandb run : https://wandb.ai/biniamgaromsa/spr-2026-mammography/runs/wftmgc77
Loading data... done  (18,272 rows, 5 folds)
Tokenizing with 'models/bertimbau_dapt'... done
  early stop fold 1 at epoch 8 (no improvement for 2 epochs)
  early stop fold 2 at epoch 8 (no improvement for 2 epochs)
  early stop fold 3 at epoch 9 (no improvement for 2 epochs)
  early stop fold 4 at epoch 8 (no improvement for 2 epochs)
  early stop fold 5 at epoch 9 (no improvement for 2 epochs)

=======================================================
OOF Results — exp020_bertimbau_dapt
=======================================================
Macro F1: 0.7528

Class        F1   Prec    Rec      N
--------------------------------------
0         0.790  0.737  0.852    610
1         0.935  0.895  0.980    693
2         0.976  0.993  0.959  15968
3         0.580  0.481  0.732    713
4         0.684  0.685  0.682    214
5         0.548  0.515  0.586     29
6         0.756  0.756  0.756     45

Fold F1s : [0.7439, 0.7628, 0.7869, 0.7345, 0.7236]
Mean ± σ : 0.7503 ± 0.0224

--- Threshold Tuning ---
Threshold tuning baseline macro F1: 0.7528
Threshold tuning best macro F1:     0.7570
Offsets: {0: np.float64(-0.2405), 1: np.float64(-0.0591), 2: np.float64(0.18), 3: np.float64(-0.1776), 4: np.float64(0.0331), 5: np.float64(0.1398), 6: np.float64(0.0696)}

=======================================================
OOF Results (after threshold tuning)
=======================================================
Macro F1: 0.7570

Class        F1   Prec    Rec      N
--------------------------------------
0         0.801  0.761  0.846    610
1         0.937  0.899  0.978    693
2         0.977  0.991  0.964  15968
3         0.589  0.505  0.707    713
4         0.685  0.674  0.696    214
5         0.540  0.500  0.586     29
6         0.769  0.761  0.778     45


--- Retraining on full data (6 epochs, mean of OOF best epochs [6, 6, 7, 6, 7]) ---
Model saved → experiments/exp020_bertimbau_dapt/model/

Duration   : 1351s  (22.5m)
Results logged → experiments/results.csv
Outputs    : experiments/exp020_bertimbau_dapt/
